<?xml version="1.0" encoding="UTF-8"?>
<coverage generated="1634018699478" clover="3.2.0">
  <project timestamp="1634018699478" name="All files">
    <metrics statements="7" coveredstatements="4" conditionals="4" coveredconditionals="3" methods="3" coveredmethods="1" elements="14" coveredelements="8" complexity="0" loc="7" ncloc="7" packages="2" files="3" classes="3"/>
    <package name="src">
      <metrics statements="2" coveredstatements="0" conditionals="0" coveredconditionals="0" methods="1" coveredmethods="0"/>
      <file name="App.js" path="/Users/lindahsu/Documents/CodingStuff/Maximillian/section26-testing-react-apps/src/App.js">
        <metrics statements="1" coveredstatements="0" conditionals="0" coveredconditionals="0" methods="1" coveredmethods="0"/>
        <line num="5" count="0" type="stmt"/>
      </file>
      <file name="index.js" path="/Users/lindahsu/Documents/CodingStuff/Maximillian/section26-testing-react-apps/src/index.js">
        <metrics statements="1" coveredstatements="0" conditionals="0" coveredconditionals="0" methods="0" coveredmethods="0"/>
        <line num="7" count="0" type="stmt"/>
      </file>
    </package>
    <package name="src.components">
      <metrics statements="5" coveredstatements="4" conditionals="4" coveredconditionals="3" methods="2" coveredmethods="1"/>
      <file name="Greeting.js" path="/Users/lindahsu/Documents/CodingStuff/Maximillian/section26-testing-react-apps/src/components/Greeting.js">
        <metrics statements="5" coveredstatements="4" conditionals="4" coveredconditionals="3" methods="2" coveredmethods="1"/>
        <line num="3" count="1" type="stmt"/>
        <line num="4" count="1" type="stmt"/>
        <line num="6" count="1" type="stmt"/>
        <line num="7" count="0" type="stmt"/>
        <line num="10" count="1" type="stmt"/>
      </file>
    </package>
  </project>
</coverage>
