{"/Users/lindahsu/Documents/CodingStuff/Maximillian/section26-testing-react-apps/src/App.js": {"path":"/Users/lindahsu/Documents/CodingStuff/Maximillian/section26-testing-react-apps/src/App.js","statementMap":{"0":{"start":{"line":5,"column":2},"end":{"line":5,"column":22}}},"fnMap":{"0":{"name":"App","decl":{"start":{"line":4,"column":9},"end":{"line":4,"column":12}},"loc":{"start":{"line":4,"column":15},"end":{"line":6,"column":1}},"line":4}},"branchMap":{},"s":{"0":0},"f":{"0":0},"b":{}}
,"/Users/lindahsu/Documents/CodingStuff/Maximillian/section26-testing-react-apps/src/index.js": {"path":"/Users/lindahsu/Documents/CodingStuff/Maximillian/section26-testing-react-apps/src/index.js","statementMap":{"0":{"start":{"line":7,"column":0},"end":{"line":7,"column":58}}},"fnMap":{},"branchMap":{},"s":{"0":0},"f":{},"b":{}}
,"/Users/lindahsu/Documents/CodingStuff/Maximillian/section26-testing-react-apps/src/components/Greeting.js": {"path":"/Users/lindahsu/Documents/CodingStuff/Maximillian/section26-testing-react-apps/src/components/Greeting.js","statementMap":{"0":{"start":{"line":3,"column":17},"end":{"line":10,"column":1}},"1":{"start":{"line":4,"column":2},"end":{"line":9,"column":4}}},"fnMap":{"0":{"name":"(anonymous_0)","decl":{"start":{"line":3,"column":17},"end":{"line":3,"column":18}},"loc":{"start":{"line":3,"column":23},"end":{"line":10,"column":1}},"line":3}},"branchMap":{},"s":{"0":1,"1":1},"f":{"0":1},"b":{},"_coverageSchema":"1a1c01bbd47fc00a2c39e90264f33305004495a9","hash":"51d66343bac7bdaf98d96c77a79849cf9b9750da"}
}
