{"/Users/lindahsu/Documents/CodingStuff/Maximillian/section26-testing-react-apps/src/App.js": {"path":"/Users/lindahsu/Documents/CodingStuff/Maximillian/section26-testing-react-apps/src/App.js","statementMap":{"0":{"start":{"line":5,"column":2},"end":{"line":5,"column":22}}},"fnMap":{"0":{"name":"App","decl":{"start":{"line":4,"column":9},"end":{"line":4,"column":12}},"loc":{"start":{"line":4,"column":15},"end":{"line":6,"column":1}},"line":4}},"branchMap":{},"s":{"0":0},"f":{"0":0},"b":{}}
,"/Users/lindahsu/Documents/CodingStuff/Maximillian/section26-testing-react-apps/src/index.js": {"path":"/Users/lindahsu/Documents/CodingStuff/Maximillian/section26-testing-react-apps/src/index.js","statementMap":{"0":{"start":{"line":7,"column":0},"end":{"line":7,"column":58}}},"fnMap":{},"branchMap":{},"s":{"0":0},"f":{},"b":{}}
,"/Users/lindahsu/Documents/CodingStuff/Maximillian/section26-testing-react-apps/src/components/Greeting.js": {"path":"/Users/lindahsu/Documents/CodingStuff/Maximillian/section26-testing-react-apps/src/components/Greeting.js","statementMap":{"0":{"start":{"line":3,"column":17},"end":{"line":20,"column":1}},"1":{"start":{"line":4,"column":39},"end":{"line":4,"column":54}},"2":{"start":{"line":6,"column":28},"end":{"line":8,"column":3}},"3":{"start":{"line":7,"column":4},"end":{"line":7,"column":25}},"4":{"start":{"line":10,"column":2},"end":{"line":19,"column":4}}},"fnMap":{"0":{"name":"(anonymous_0)","decl":{"start":{"line":3,"column":17},"end":{"line":3,"column":18}},"loc":{"start":{"line":3,"column":23},"end":{"line":20,"column":1}},"line":3},"1":{"name":"(anonymous_1)","decl":{"start":{"line":6,"column":28},"end":{"line":6,"column":29}},"loc":{"start":{"line":6,"column":34},"end":{"line":8,"column":3}},"line":6}},"branchMap":{"0":{"loc":{"start":{"line":13,"column":7},"end":{"line":13,"column":54}},"type":"binary-expr","locations":[{"start":{"line":13,"column":7},"end":{"line":13,"column":18}},{"start":{"line":13,"column":22},"end":{"line":13,"column":54}}],"line":13},"1":{"loc":{"start":{"line":14,"column":7},"end":{"line":14,"column":36}},"type":"binary-expr","locations":[{"start":{"line":14,"column":7},"end":{"line":14,"column":17}},{"start":{"line":14,"column":21},"end":{"line":14,"column":36}}],"line":14}},"s":{"0":1,"1":1,"2":1,"3":0,"4":1},"f":{"0":1,"1":0},"b":{"0":[1,1],"1":[1,0]},"_coverageSchema":"1a1c01bbd47fc00a2c39e90264f33305004495a9","hash":"59fa674d558ac5eea79d010bb355a2133bee9633"}
}
